# JRE version: OpenJDK Runtime Environment (11.0.3+7) (build 11.0.3+7-Ubuntu-1ubuntu218.10.1)
# Java VM: OpenJDK 64-Bit Server VM (11.0.3+7-Ubuntu-1ubuntu218.10.1, mixed mode, sharing, tiered, compressed oops, g1 gc, linux-amd64)
Heap:
 garbage-first heap   total 258048K, used 143693K [0x0000000707a00000, 0x0000000800000000)
  region size 1024K, 15 young (15360K), 5 survivors (5120K)
 Metaspace       used 5469K, capacity 7492K, committed 7808K, reserved 1056768K
  class space    used 604K, capacity 835K, committed 896K, reserved 1048576K
GC Heap History (8 events):
Event: 0.219 GC heap before
{Heap before GC invocations=0 (full 0):
 garbage-first heap   total 258048K, used 25212K [0x0000000707a00000, 0x0000000800000000)
  region size 1024K, 24 young (24576K), 0 survivors (0K)
 Metaspace       used 2247K, capacity 5130K, committed 5376K, reserved 1056768K
  class space    used 251K, capacity 497K, committed 512K, reserved 1048576K
}
Event: 0.232 GC heap after
{Heap after GC invocations=1 (full 0):
 garbage-first heap   total 258048K, used 21244K [0x0000000707a00000, 0x0000000800000000)
  region size 1024K, 3 young (3072K), 3 survivors (3072K)
 Metaspace       used 2247K, capacity 5130K, committed 5376K, reserved 1056768K
  class space    used 251K, capacity 497K, committed 512K, reserved 1048576K
}
Event: 0.243 GC heap before
{Heap before GC invocations=1 (full 0):
 garbage-first heap   total 258048K, used 34556K [0x0000000707a00000, 0x0000000800000000)
  region size 1024K, 16 young (16384K), 3 survivors (3072K)
 Metaspace       used 2248K, capacity 5130K, committed 5376K, reserved 1056768K
  class space    used 251K, capacity 497K, committed 512K, reserved 1048576K
}
Event: 0.256 GC heap after
{Heap after GC invocations=2 (full 0):
 garbage-first heap   total 258048K, used 34390K [0x0000000707a00000, 0x0000000800000000)
  region size 1024K, 2 young (2048K), 2 survivors (2048K)
 Metaspace       used 2248K, capacity 5130K, committed 5376K, reserved 1056768K
  class space    used 251K, capacity 497K, committed 512K, reserved 1048576K
}
Event: 0.288 GC heap before
{Heap before GC invocations=2 (full 0):
 garbage-first heap   total 258048K, used 63062K [0x0000000707a00000, 0x0000000800000000)
  region size 1024K, 30 young (30720K), 2 survivors (2048K)
 Metaspace       used 2248K, capacity 5130K, committed 5376K, reserved 1056768K
  class space    used 251K, capacity 497K, committed 512K, reserved 1048576K
}
Event: 0.295 GC heap after
{Heap after GC invocations=3 (full 0):
 garbage-first heap   total 258048K, used 62797K [0x0000000707a00000, 0x0000000800000000)
  region size 1024K, 4 young (4096K), 4 survivors (4096K)
 Metaspace       used 2248K, capacity 5130K, committed 5376K, reserved 1056768K
  class space    used 251K, capacity 497K, committed 512K, reserved 1048576K
}
Event: 0.300 GC heap before
{Heap before GC invocations=3 (full 0):
 garbage-first heap   total 258048K, used 67917K [0x0000000707a00000, 0x0000000800000000)
  region size 1024K, 10 young (10240K), 4 survivors (4096K)
 Metaspace       used 2248K, capacity 5130K, committed 5376K, reserved 1056768K
  class space    used 251K, capacity 497K, committed 512K, reserved 1048576K
}
Event: 0.303 GC heap after
{Heap after GC invocations=4 (full 0):
 garbage-first heap   total 258048K, used 67917K [0x0000000707a00000, 0x0000000800000000)
  region size 1024K, 5 young (5120K), 5 survivors (5120K)
 Metaspace       used 2248K, capacity 5130K, committed 5376K, reserved 1056768K
  class space    used 251K, capacity 497K, committed 512K, reserved 1048576K
}

